2021-11-07 20:14:20.1943|INFO|Microsoft.Hosting.Lifetime|Application started. Press Ctrl+C to shut down.
2021-11-07 20:14:20.2809|INFO|Microsoft.Hosting.Lifetime|Hosting environment: Development
2021-11-07 20:14:20.2924|INFO|Microsoft.Hosting.Lifetime|Content root path: D:\Workspaces\HiTechStore\HiTechStore.Web
2021-11-07 20:15:28.9139|ERROR|Microsoft.AspNetCore.Diagnostics.DeveloperExceptionPageMiddleware|An unhandled exception has occurred while executing the request.
2021-11-07 20:21:47.7388|INFO|Microsoft.Hosting.Lifetime|Application started. Press Ctrl+C to shut down.
2021-11-07 20:21:47.8084|INFO|Microsoft.Hosting.Lifetime|Hosting environment: Development
2021-11-07 20:21:47.9958|INFO|Microsoft.Hosting.Lifetime|Content root path: D:\Workspaces\HiTechStore\HiTechStore.Web
2021-11-07 20:27:50.2288|INFO|Microsoft.Hosting.Lifetime|Application started. Press Ctrl+C to shut down.
2021-11-07 20:27:50.2896|INFO|Microsoft.Hosting.Lifetime|Hosting environment: Development
2021-11-07 20:27:50.2896|INFO|Microsoft.Hosting.Lifetime|Content root path: D:\Workspaces\HiTechStore\HiTechStore.Web
2021-11-07 21:16:45.5807|FATAL|Microsoft.AspNetCore.Hosting.Diagnostics|Application startup exception
2021-11-07 21:20:14.6590|INFO|Microsoft.Hosting.Lifetime|Application started. Press Ctrl+C to shut down.
2021-11-07 21:20:14.7134|INFO|Microsoft.Hosting.Lifetime|Hosting environment: Development
2021-11-07 21:20:14.7258|INFO|Microsoft.Hosting.Lifetime|Content root path: D:\Workspaces\HiTechStore\HiTechStore.Web
2021-11-07 21:21:29.4146|INFO|Microsoft.Hosting.Lifetime|Application started. Press Ctrl+C to shut down.
2021-11-07 21:21:29.5468|INFO|Microsoft.Hosting.Lifetime|Hosting environment: Development
2021-11-07 21:21:29.5670|INFO|Microsoft.Hosting.Lifetime|Content root path: D:\Workspaces\HiTechStore\HiTechStore.Web
2021-11-07 21:38:25.4973|INFO|Microsoft.Hosting.Lifetime|Application started. Press Ctrl+C to shut down.
2021-11-07 21:38:25.6491|INFO|Microsoft.Hosting.Lifetime|Hosting environment: Development
2021-11-07 21:38:25.6670|INFO|Microsoft.Hosting.Lifetime|Content root path: D:\Workspaces\HiTechStore\HiTechStore.Web
2021-11-07 21:40:22.7850|INFO|Microsoft.Hosting.Lifetime|Application started. Press Ctrl+C to shut down.
2021-11-07 21:40:23.0066|INFO|Microsoft.Hosting.Lifetime|Hosting environment: Development
2021-11-07 21:40:23.0066|INFO|Microsoft.Hosting.Lifetime|Content root path: D:\Workspaces\HiTechStore\HiTechStore.Web
2021-11-07 21:47:37.2627|INFO|Microsoft.Hosting.Lifetime|Application started. Press Ctrl+C to shut down.
2021-11-07 21:47:37.3367|INFO|Microsoft.Hosting.Lifetime|Hosting environment: Development
2021-11-07 21:47:37.3367|INFO|Microsoft.Hosting.Lifetime|Content root path: D:\Workspaces\HiTechStore\HiTechStore.Web
2021-11-07 21:51:01.4905|INFO|Microsoft.Hosting.Lifetime|Application started. Press Ctrl+C to shut down.
2021-11-07 21:51:01.5515|INFO|Microsoft.Hosting.Lifetime|Hosting environment: Development
2021-11-07 21:51:01.5623|INFO|Microsoft.Hosting.Lifetime|Content root path: D:\Workspaces\HiTechStore\HiTechStore.Web
2021-11-07 22:05:11.7872|INFO|Microsoft.Hosting.Lifetime|Application started. Press Ctrl+C to shut down.
2021-11-07 22:05:11.8409|INFO|Microsoft.Hosting.Lifetime|Hosting environment: Development
2021-11-07 22:05:11.8541|INFO|Microsoft.Hosting.Lifetime|Content root path: D:\Workspaces\HiTechStore\HiTechStore.Web
2021-11-07 22:07:09.8749|INFO|Microsoft.Hosting.Lifetime|Application started. Press Ctrl+C to shut down.
2021-11-07 22:07:09.9994|INFO|Microsoft.Hosting.Lifetime|Hosting environment: Development
2021-11-07 22:07:10.0070|INFO|Microsoft.Hosting.Lifetime|Content root path: D:\Workspaces\HiTechStore\HiTechStore.Web
2021-11-07 22:13:42.2083|INFO|Microsoft.Hosting.Lifetime|Application started. Press Ctrl+C to shut down.
2021-11-07 22:13:42.3226|INFO|Microsoft.Hosting.Lifetime|Hosting environment: Development
2021-11-07 22:13:42.3685|INFO|Microsoft.Hosting.Lifetime|Content root path: D:\Workspaces\HiTechStore\HiTechStore.Web
2021-11-07 22:20:29.4407|INFO|Microsoft.Hosting.Lifetime|Application started. Press Ctrl+C to shut down.
2021-11-07 22:20:29.5018|INFO|Microsoft.Hosting.Lifetime|Hosting environment: Development
2021-11-07 22:20:29.5178|INFO|Microsoft.Hosting.Lifetime|Content root path: D:\Workspaces\HiTechStore\HiTechStore.Web
2021-11-07 22:29:35.0299|INFO|Microsoft.Hosting.Lifetime|Application started. Press Ctrl+C to shut down.
2021-11-07 22:29:35.1913|INFO|Microsoft.Hosting.Lifetime|Hosting environment: Development
2021-11-07 22:29:35.2982|INFO|Microsoft.Hosting.Lifetime|Content root path: D:\Workspaces\HiTechStore\HiTechStore.Web
